<?xml version="1.0" encoding="UTF-8"?>
<testsuite xmlns:xsi="http://www.w3.org/2001/XMLSchema-instance" xsi:noNamespaceSchemaLocation="https://maven.apache.org/surefire/maven-surefire-plugin/xsd/surefire-test-report.xsd" version="3.0.1" name="com.mycompany.app.ProgramTest" time="0.708" tests="13" errors="0" skipped="0" failures="0">
  <properties>
[...]
</properties>
  <testcase name="testEvaluatePositionScoring" classname="com.mycompany.app.ProgramTest" time="0.049"/>
  <testcase name="testCheckStateHorizontalWin" classname="com.mycompany.app.ProgramTest" time="0.004"/>
  <testcase name="testTicTacToeCellState" classname="com.mycompany.app.ProgramTest" time="0.159"/>
  <testcase name="testPanelComponentsInception" classname="com.mycompany.app.ProgramTest" time="0.007"/>
  <testcase name="testCheckStateVerticalAndDiagonalWin" classname="com.mycompany.app.ProgramTest" time="0.0"/>
  <testcase name="testGenerateMovesAndBoardSpaces" classname="com.mycompany.app.ProgramTest" time="0.001"/>
  <testcase name="testMainMethodBackgroundExecution" classname="com.mycompany.app.ProgramTest" time="0.041"/>
  <testcase name="testUtilityPrintMethods" classname="com.mycompany.app.ProgramTest" time="0.006">
    <system-out><![CDATA[
&amp#0;-&amp#0;-&amp#0;-&amp#0;-&amp#0;-&amp#0;-&amp#0;-&amp#0;-&amp#0;-

0-0-0-0-0-0-0-0-0-


]]></system-out>
  </testcase>
  <testcase name="testInitialization" classname="com.mycompany.app.ProgramTest" time="0.001"/>
  <testcase name="testSafeInteractionWithUi" classname="com.mycompany.app.ProgramTest" time="0.244">
    <system-out><![CDATA[
minimax:   2(-100) 
minimax:   3(-100) 
minimax:   4(-100) 
minimax:   5(0) 
minimax:   6(-100) 
minimax:   7(-100) 
minimax:   8(-100) 
minimax:   9(-100) 
minimax best:   5(0) Steps counted: 31972]]></system-out>
  </testcase>
  <testcase name="testMinAndMaxMovePruningBranches" classname="com.mycompany.app.ProgramTest" time="0.046"/>
  <testcase name="testCheckStateDrawCondition" classname="com.mycompany.app.ProgramTest" time="0.003"/>
  <testcase name="testMinimaxExecutionOnEmptyBoard" classname="com.mycompany.app.ProgramTest" time="0.085">
    <system-out><![CDATA[
minimax:   1(0) 
minimax:   2(0) 
minimax:   3(0) 
minimax:   4(0) 
minimax:   5(0) 
minimax:   6(0) 
minimax:   7(0) 
minimax:   8(0) 
minimax:   9(0) 
minimax best:   5(0) Steps counted: 294777]]></system-out>
  </testcase>
</testsuite>