<?xml version="1.0" encoding="UTF-8"?>
<testsuite xmlns:xsi="http://www.w3.org/2001/XMLSchema-instance" xsi:noNamespaceSchemaLocation="https://maven.apache.org/surefire/maven-surefire-plugin/xsd/surefire-test-report.xsd" version="3.0.1" name="com.mycompany.app.GameLogicTest" time="1.251" tests="45" errors="0" skipped="0" failures="0">
  <properties>
[...]
</properties>
  <testcase name="testGameConstructorInitializesCorrectly" classname="com.mycompany.app.GameLogicTest" time="0.021"/>
  <testcase name="testMinimaxMakesValidMove" classname="com.mycompany.app.GameLogicTest" time="0.116">
    <system-out><![CDATA[
minimax:   1(0) 
minimax:   2(0) 
minimax:   3(0) 
minimax:   4(0) 
minimax:   5(0) 
minimax:   6(0) 
minimax:   7(0) 
minimax:   8(0) 
minimax:   9(0) 
minimax best:   3(0) Steps counted: 294777]]></system-out>
  </testcase>
  <testcase name="testMinMoveReturnsCorrectValue" classname="com.mycompany.app.GameLogicTest" time="0.003"/>
  <testcase name="testGameINFConstant" classname="com.mycompany.app.GameLogicTest" time="0.003"/>
  <testcase name="testTicTacToePanelActionPerformedAndMinimaxResponse" classname="com.mycompany.app.GameLogicTest" time="0.368">
    <system-out><![CDATA[
minimax:   1(0) 
minimax:   2(-100) 
minimax:   3(0) 
minimax:   4(-100) 
minimax:   6(-100) 
minimax:   7(0) 
minimax:   8(-100) 
minimax:   9(0) 
minimax best:   1(0) Steps counted: 29632]]></system-out>
  </testcase>
  <testcase name="testCheckStateDraw" classname="com.mycompany.app.GameLogicTest" time="0.001"/>
  <testcase name="testPlayerSymbols" classname="com.mycompany.app.GameLogicTest" time="0.001"/>
  <testcase name="testTicTacToePanelCreation" classname="com.mycompany.app.GameLogicTest" time="0.004"/>
  <testcase name="testCheckStatePlaying" classname="com.mycompany.app.GameLogicTest" time="0.001"/>
  <testcase name="testTicTacToeCellMultipleMarkers" classname="com.mycompany.app.GameLogicTest" time="0.001"/>
  <testcase name="testMiniMaxWithAlmostFullBoardForX" classname="com.mycompany.app.GameLogicTest" time="0.001">
    <system-out><![CDATA[
minimax:   8(100) 
minimax best:   8(100) Steps counted: 0]]></system-out>
  </testcase>
  <testcase name="testEvaluatePositionReturnsMinusOneForPlaying" classname="com.mycompany.app.GameLogicTest" time="0.001"/>
  <testcase name="testGenerateMoves" classname="com.mycompany.app.GameLogicTest" time="0.001"/>
  <testcase name="testSwitchCurrentPlayer" classname="com.mycompany.app.GameLogicTest" time="0.0"/>
  <testcase name="testTicTacToePanelActionPerformedOMove" classname="com.mycompany.app.GameLogicTest" time="0.072"/>
  <testcase name="testCheckStateWithNoSymbol" classname="com.mycompany.app.GameLogicTest" time="0.003"/>
  <testcase name="testTicTacToePanelActionPerformedXMove" classname="com.mycompany.app.GameLogicTest" time="0.16">
    <system-out><![CDATA[
minimax:   2(-100) 
minimax:   3(-100) 
minimax:   4(-100) 
minimax:   5(0) 
minimax:   6(-100) 
minimax:   7(-100) 
minimax:   8(-100) 
minimax:   9(-100) 
minimax best:   5(0) Steps counted: 31972]]></system-out>
  </testcase>
  <testcase name="testMinMoveOnAlmostWinningBoard" classname="com.mycompany.app.GameLogicTest" time="0.001"/>
  <testcase name="testTicTacToeCellCreation" classname="com.mycompany.app.GameLogicTest" time="0.002"/>
  <testcase name="testCheckStateOWinDiagonal" classname="com.mycompany.app.GameLogicTest" time="0.001"/>
  <testcase name="testTicTacToeCellSetMarkerDisablesButton" classname="com.mycompany.app.GameLogicTest" time="0.001"/>
  <testcase name="testEvaluatePositionDraw" classname="com.mycompany.app.GameLogicTest" time="0.001"/>
  <testcase name="testEvaluatePositionXWin" classname="com.mycompany.app.GameLogicTest" time="0.0"/>
  <testcase name="testGenerateMovesFullBoard" classname="com.mycompany.app.GameLogicTest" time="0.001"/>
  <testcase name="testMaxMoveOnAlmostWinningBoard" classname="com.mycompany.app.GameLogicTest" time="0.0"/>
  <testcase name="testEvaluatePositionOLoseToX" classname="com.mycompany.app.GameLogicTest" time="0.001"/>
  <testcase name="testCheckStateXWinColumn" classname="com.mycompany.app.GameLogicTest" time="0.0"/>
  <testcase name="testCheckStateAllWinConditions" classname="com.mycompany.app.GameLogicTest" time="0.004"/>
  <testcase name="testInitialBoardEmpty" classname="com.mycompany.app.GameLogicTest" time="0.001"/>
  <testcase name="testTicTacToePanelGameStateDraw" classname="com.mycompany.app.GameLogicTest" time="0.003"/>
  <testcase name="testTicTacToePanelGameStateOWin" classname="com.mycompany.app.GameLogicTest" time="0.002"/>
  <testcase name="testTicTacToePanelGameStateXWin" classname="com.mycompany.app.GameLogicTest" time="0.001"/>
  <testcase name="testCheckStateXWinFirstRow" classname="com.mycompany.app.GameLogicTest" time="0.001"/>
  <testcase name="testStateValues" classname="com.mycompany.app.GameLogicTest" time="0.001"/>
  <testcase name="testTicTacToePanelFullGameSimulation" classname="com.mycompany.app.GameLogicTest" time="0.149">
    <system-out><![CDATA[
minimax:   2(-100) 
minimax:   3(-100) 
minimax:   4(-100) 
minimax:   5(0) 
minimax:   6(-100) 
minimax:   7(-100) 
minimax:   8(-100) 
minimax:   9(-100) 
minimax best:   5(0) Steps counted: 31972]]></system-out>
  </testcase>
  <testcase name="testCheckStateXWinDiagonal" classname="com.mycompany.app.GameLogicTest" time="0.001"/>
  <testcase name="testTicTacToePanelCellsInitialization" classname="com.mycompany.app.GameLogicTest" time="0.003"/>
  <testcase name="testTicTacToePanelGetGameState" classname="com.mycompany.app.GameLogicTest" time="0.002"/>
  <testcase name="testUtilityPrintMethodsDontThrowExceptions" classname="com.mycompany.app.GameLogicTest" time="0.002">
    <system-out><![CDATA[
X-O- -X- -O- - -X-

1-2-3-4-5-6-7-8-9-

1-3-5-
]]></system-out>
  </testcase>
  <testcase name="testMaxMoveReturnsCorrectValue" classname="com.mycompany.app.GameLogicTest" time="0.002"/>
  <testcase name="testGenerateMovesEmptyBoard" classname="com.mycompany.app.GameLogicTest" time="0.001"/>
  <testcase name="testMiniMaxReturnsBestMoveWhenOnlyOneMoveLeft" classname="com.mycompany.app.GameLogicTest" time="0.0">
    <system-out><![CDATA[
minimax:   9(0) 
minimax best:   9(0) Steps counted: 0]]></system-out>
  </testcase>
  <testcase name="testStateEnumValues" classname="com.mycompany.app.GameLogicTest" time="0.0"/>
  <testcase name="testProgramMainDoesNotThrowException" classname="com.mycompany.app.GameLogicTest" time="0.114"/>
  <testcase name="testMinimaxReturnsValidMoveOnEmptyBoard" classname="com.mycompany.app.GameLogicTest" time="0.142">
    <system-out><![CDATA[
minimax:   1(0) 
minimax:   2(0) 
minimax:   3(0) 
minimax:   4(0) 
minimax:   5(0) 
minimax:   6(0) 
minimax:   7(0) 
minimax:   8(0) 
minimax:   9(0) 
minimax best:   1(0) Steps counted: 294777]]></system-out>
  </testcase>
</testsuite>